## Project error #2

### 코스 단건 조회

지금은 하나의 SELECT 문으로 데이터를 전달하고 있다. 그러다보니 서브 쿼리와 조인이 들어가 있는 형태다.

```sql
SELECT
        c.*,
    (
        SELECT JSON_ARRAYAGG(
            JSON_OBJECT(
                'order', i.`order`,
                'daily_content', d.daily_content,
                'trekkingmap_token', i.trekkingmap_token
            )
        )
        FROM itinerary i
        LEFT JOIN daily d ON i.daily_id = d.daily_id
        WHERE i.course_id = c.course_id
    ) AS daily,
    (
        SELECT JSON_ARRAYAGG(
            JSON_OBJECT(
                'file_id', f.file_id,
                'file_name', f.file_name,
                'file_source', f.file_source
            )
        )
        FROM file f
        WHERE f.course_id = c.course_id AND f.file_type = 0
    ) AS file
FROM
    course c
WHERE
    c.course_id = 1;
```

하지만 이를 합치지 않고, 개별로 보낸 후 백엔드에서 합치는 방법으로 전환하면 DB에서의 성능을 조금이나마 향상 시킬 수 있다.

```sql
# 코스 단건 조회 - 코스 부분

SELECT *
FROM course c
WHERE c.course_id = 1;

# 코스 단건 조회 - 일정 부분
SELECT
    i.`order`,
    d.daily_content,
    i.trekkingmap_token
FROM itinerary i
LEFT JOIN daily d ON i.daily_id = d.daily_id
WHERE i.course_id = 1;

# 코스 단건 조회 - 사진
SELECT
    f.file_id,
    f.file_name,
    f.file_source
FROM file f
WHERE f.course_id = 1 AND f.file_type = 0;
```

각각 성능 지표는 다음과 같다.(explain analyze)

- 코스

```sql
-> Rows fetched before execution  (cost=0..0 rows=1) (actual time=300e-6..300e-6 rows=1 loops=1)
```

- 일정

```sql
-> Nested loop left join  (cost=22.9 rows=16.8) (actual time=0.064..0.116 rows=14 loops=1)
    -> Filter: (i.course_id = 1)  (cost=17.1 rows=16.8) (actual time=0.0481..0.0831 rows=14 loops=1)
        -> Table scan on i  (cost=17.1 rows=168) (actual time=0.0467..0.0763 rows=168 loops=1)
    -> Single-row index lookup on d using PRIMARY (daily_id=i.daily_id)  (cost=0.256 rows=1) (actual time=0.00205..0.00207 rows=1 loops=14)
```

- 사진

```sql
-> Filter: ((f.file_type = 0) and (f.course_id = 1))  (cost=102 rows=10) (actual time=0.06..0.329 rows=55 loops=1)
    -> Table scan on f  (cost=102 rows=1000) (actual time=0.0557..0.285 rows=1000 loops=1)
```

- 문제: rows=1000. 조건문에 type=0 이 부분에서 전체를 다 돌고 있는 것을 발견.
  - 해결: 인덱스가 있어야 한다. 그래서 인덱스 추가하고 다시 검사하니 rows=490 으로 줄어든게 확인 되었다.

```sql
-> Filter: (f.course_id = 1)  (cost=9.4 rows=49) (actual time=0.215..0.935 rows=55 loops=1)
    -> Index lookup on f using file_idx_file_type (file_type=0)  (cost=9.4 rows=490) (actual time=0.212..0.919 rows=490 loops=1)
```

- 인덱스 추가 명령문: `create index file_idx_file_type on file(file_type);`

<br>

---

### API 쿼터

Quota, 제공량 제한

쿼터 사용량을 초과한 경우 HTTP response status code 429 ‘Too Many Requests’ ⇒ API 호출 실패

### cloudflare

방화벽

- 429 HTTP response

[Cloudflare 속도 제한 구성 · Cloudflare Support docs](https://developers.cloudflare.com/support/other-languages/한국어/cloudflare-속도-제한-구성/)

- WAF
  - Web Application Firewall

[WAF란? | 웹 애플리케이션 방화벽 설명 | Cloudflare](https://www.cloudflare.com/ko-kr/learning/ddos/glossary/web-application-firewall-waf/)

- page rules

[Understanding and configuring Cloudflare Page Rules (Page Rules Tutorial) · Cloudflare Support docs](https://developers.cloudflare.com/support/page-rules/understanding-and-configuring-cloudflare-page-rules-page-rules-tutorial/)

### 서브 쿼리

하나의 SQL 문에 포함되어 있는 또 다른 SQL 문

[[DATABASE] 서브쿼리란? 서브쿼리 사용해보기](https://mozi.tistory.com/233)
